<?xml version="1.0" encoding="UTF-8"?>
<!-- Generated by org.testng.reporters.JUnitReportReporter -->
<testsuite hostname="LAPTOP-MVJK2OM8" failures="0" tests="1" name="com.qa.tests.TC_003_LogoutTest" time="7.946" errors="0" timestamp="2025-05-01T00:58:05 IST" skipped="0">
  <testcase classname="com.qa.tests.TC_003_LogoutTest" name="verifyLogoutRedirectsToLoginPage" time="7.946"/>
</testsuite> <!-- com.qa.tests.TC_003_LogoutTest -->
