<?xml version="1.0" encoding="UTF-8"?>
<!-- Generated by org.testng.reporters.JUnitReportReporter -->
<testsuite hostname="LAPTOP-MVJK2OM8" failures="0" tests="1" name="com.qa.tests.TC_005_AddContactTest" time="15.990" errors="0" timestamp="2025-05-01T22:12:42 IST" skipped="0">
  <testcase classname="com.qa.tests.TC_005_AddContactTest" name="verifyAddingContactAndDisplayInList" time="15.990"/>
</testsuite> <!-- com.qa.tests.TC_005_AddContactTest -->
